<?xml version="1.0" encoding="UTF-8"?>
<!-- Generated by org.testng.reporters.JUnitReportReporter -->
<testsuite hostname="DESKTOP-VTN34JQ" failures="0" tests="6" name="com.newtour.testcase.MT_005" time="19.481" errors="0" timestamp="26 Nov. 2019 17:41:31 GMT" skipped="0">
  <testcase classname="com.newtour.testcase.MT_005" name="FindFlight" time="9.384"/>
  <testcase classname="com.newtour.testcase.MT_005" name="FindFlight" time="7.294"/>
  <testcase classname="com.newtour.testcase.MT_005" name="cruises" time="0.968"/>
  <testcase classname="com.newtour.testcase.MT_005" name="cruises" time="0.691"/>
  <testcase classname="com.newtour.testcase.MT_005" name="hotelReservation" time="0.491"/>
  <testcase classname="com.newtour.testcase.MT_005" name="hotelReservation" time="0.653"/>
</testsuite> <!-- com.newtour.testcase.MT_005 -->
