<?xml version="1.0" encoding="UTF-8"?>
<!-- Generated by org.testng.reporters.JUnitReportReporter -->
<testsuite hostname="DESKTOP-VTN34JQ" failures="0" tests="2" name="com.newtours.tescases.Testcase_001" time="16.713" errors="0" timestamp="22 Nov 2019 17:58:07 GMT" skipped="0">
  <testcase classname="com.newtours.tescases.Testcase_001" name="test_Login" time="9.517"/>
  <testcase classname="com.newtours.tescases.Testcase_001" name="test_Login" time="7.196"/>
</testsuite> <!-- com.newtours.tescases.Testcase_001 -->
