<?xml version="1.0" encoding="UTF-8"?>
<!-- Generated by org.testng.reporters.JUnitReportReporter -->
<testsuite hostname="DESKTOP-VTN34JQ" failures="0" tests="2" name="com.newtour.testcase.MT_004" time="1.567" errors="0" timestamp="26 Nov 2019 17:34:44 GMT" skipped="0">
  <testcase classname="com.newtour.testcase.MT_004" name="hotelReservation" time="0.935"/>
  <testcase classname="com.newtour.testcase.MT_004" name="hotelReservation" time="0.632"/>
</testsuite> <!-- com.newtour.testcase.MT_004 -->
