<?xml version="1.0" encoding="UTF-8"?>
<!-- Generated by org.testng.reporters.JUnitReportReporter -->
<testsuite hostname="DESKTOP-VTN34JQ" failures="0" tests="2" name="com.newtour.testcase.MT_003" time="2.318" errors="0" timestamp="26 Nov 2019 17:34:44 GMT" skipped="0">
  <testcase classname="com.newtour.testcase.MT_003" name="cruises" time="1.189"/>
  <testcase classname="com.newtour.testcase.MT_003" name="cruises" time="1.129"/>
</testsuite> <!-- com.newtour.testcase.MT_003 -->
