<?xml version="1.0" encoding="UTF-8"?>
<!-- Generated by org.testng.reporters.JUnitReportReporter -->
<testsuite hostname="DESKTOP-VTN34JQ" failures="0" tests="4" name="com.newtour.testcase.MT_001" time="25.229" errors="0" timestamp="26 Nov 2019 17:34:44 GMT" skipped="0">
  <testcase classname="com.newtour.testcase.MT_001" name="login" time="5.657"/>
  <testcase classname="com.newtour.testcase.MT_001" name="login" time="5.309"/>
  <testcase classname="com.newtour.testcase.MT_001" name="FindFlight" time="7.007"/>
  <testcase classname="com.newtour.testcase.MT_001" name="FindFlight" time="7.256"/>
</testsuite> <!-- com.newtour.testcase.MT_001 -->
