<?xml version="1.0" encoding="UTF-8"?>
<!-- Generated by org.testng.reporters.JUnitReportReporter -->
<testsuite hostname="DESKTOP-VTN34JQ" failures="0" tests="4" name="com.newtour.testcase.Testcase" time="46.046" errors="0" timestamp="25 Nov. 2019 15:55:19 GMT" skipped="0">
  <testcase classname="com.newtour.testcase.Testcase" name="login" time="10.440"/>
  <testcase classname="com.newtour.testcase.Testcase" name="login" time="6.114"/>
  <testcase classname="com.newtour.testcase.Testcase" name="findFlight" time="14.031"/>
  <testcase classname="com.newtour.testcase.Testcase" name="findFlight" time="15.461"/>
</testsuite> <!-- com.newtour.testcase.Testcase -->
